<?xml version="1.0" encoding="UTF-8"?>
<testsuite xmlns:xsi="http://www.w3.org/2001/XMLSchema-instance" xsi:noNamespaceSchemaLocation="https://maven.apache.org/surefire/maven-surefire-plugin/xsd/surefire-test-report-3.0.xsd" version="3.0" name="catering.businesslogic.personnel.PermanentStaffTest" time="0.226" tests="1" errors="0" skipped="0" failures="0">
  <properties>
[...]
</properties>
  <testcase name="testMultipleStaffHolidayRequests" classname="catering.businesslogic.personnel.PermanentStaffTest" time="0.161">
    <system-out><![CDATA[Mario Rossi ha richiesto ferie dal Thu Jul 10 00:00:00 CEST 2025 al Tue Jul 15 00:00:00 CEST 2025
Luca Bianchi ha richiesto ferie dal Sat Jul 12 00:00:00 CEST 2025 al Fri Jul 18 00:00:00 CEST 2025
Giulia Verdi ha richiesto ferie dal Sun Jul 20 00:00:00 CEST 2025 al Fri Jul 25 00:00:00 CEST 2025
Anna Neri ha richiesto ferie dal Tue Jul 15 00:00:00 CEST 2025 al Thu Jul 17 00:00:00 CEST 2025
Paolo Gialli ha richiesto ferie dal Mon Jul 14 00:00:00 CEST 2025 al Wed Jul 16 00:00:00 CEST 2025
Mario Rossi - Ferie attiva il Tue Jul 15 00:00:00 CEST 2025: true |
 Disponibile: false | Stato richiesta: APPROVATA

Luca Bianchi - Ferie attiva il Tue Jul 15 00:00:00 CEST 2025: false |
 Disponibile: true | Stato richiesta: RIFIUTATA

Giulia Verdi - Ferie attiva il Tue Jul 15 00:00:00 CEST 2025: false |
 Disponibile: true | Stato richiesta: APPROVATA

Anna Neri - Ferie attiva il Tue Jul 15 00:00:00 CEST 2025: false |
 Disponibile: true | Stato richiesta: RIFIUTATA

Paolo Gialli - Ferie attiva il Tue Jul 15 00:00:00 CEST 2025: true |
 Disponibile: false | Stato richiesta: APPROVATA

Mario Rossi - Ferie attiva il Sat Jul 26 00:00:00 CEST 2025: false | Disponibile: true | Stato richiesta: APPROVATA
Luca Bianchi - Ferie attiva il Sat Jul 26 00:00:00 CEST 2025: false | Disponibile: true | Stato richiesta: RIFIUTATA
Giulia Verdi - Ferie attiva il Sat Jul 26 00:00:00 CEST 2025: false | Disponibile: true | Stato richiesta: APPROVATA
Anna Neri - Ferie attiva il Sat Jul 26 00:00:00 CEST 2025: false | Disponibile: true | Stato richiesta: RIFIUTATA
Paolo Gialli - Ferie attiva il Sat Jul 26 00:00:00 CEST 2025: false | Disponibile: true | Stato richiesta: APPROVATA
]]></system-out>
  </testcase>
</testsuite>